<?xml version="1.0" encoding="UTF-8"?>
<!-- Generated by org.testng.reporters.JUnitReportReporter -->
<testsuite hostname="Vijaya" failures="0" tests="2" name="testsPack.ZooplaForSalePageTest" time="53.977" errors="0" timestamp="6 Apr 2019 21:47:43 GMT">
  <testcase classname="testsPack.ZooplaForSalePageTest" name="verifyZooplaForSale" time="28.176"/>
  <testcase classname="testsPack.ZooplaForSalePageTest" name="selectingLoctionAt" time="25.801"/>
</testsuite> <!-- testsPack.ZooplaForSalePageTest -->
