<?xml version="1.0" encoding="UTF-8"?>
<!-- Generated by org.testng.reporters.JUnitReportReporter -->
<testsuite hostname="Vijaya" failures="0" tests="2" name="testsPack.ZooplaForSalePageTest" time="53.709" errors="0" timestamp="07 Apr 2019 04:25:48 GMT" skipped="0">
  <testcase classname="testsPack.ZooplaForSalePageTest" name="verifyZooplaForSale" time="21.298"/>
  <testcase classname="testsPack.ZooplaForSalePageTest" name="selectingLoctionAt" time="32.411"/>
</testsuite> <!-- testsPack.ZooplaForSalePageTest -->
