<?xml version="1.0" encoding="UTF-8"?>
<!-- Generated by org.testng.reporters.JUnitReportReporter -->
<testsuite hostname="Vijaya" failures="0" tests="4" name="testsPack.ZooplaSelHousePageTest" time="2.302" errors="0" timestamp="6 Apr 2019 23:47:36 GMT">
  <testcase classname="testsPack.ZooplaSelHousePageTest" name="verifyAgentlogo" time="0.064"/>
  <testcase classname="testsPack.ZooplaSelHousePageTest" name="clickOnAgentCompanyName" time="2.176"/>
  <testcase classname="testsPack.ZooplaSelHousePageTest" name="verifyAgentcompanyname" time="0.051"/>
  <testcase classname="testsPack.ZooplaSelHousePageTest" name="verifyZSelHousePageTitle" time="0.011"/>
</testsuite> <!-- testsPack.ZooplaSelHousePageTest -->
