<?xml version="1.0" encoding="UTF-8"?>
<!-- Generated by org.testng.reporters.JUnitReportReporter -->
<testsuite hostname="Vijaya" failures="0" tests="1" name="testsPack.sampleTest" time="14.940" errors="0" timestamp="6 Apr 2019 00:15:31 GMT">
  <testcase classname="testsPack.sampleTest" name="f" time="14.940"/>
</testsuite> <!-- testsPack.sampleTest -->
