<?xml version="1.0" encoding="UTF-8"?>
<!-- Generated by org.testng.reporters.JUnitReportReporter -->
<testsuite hostname="Vijaya" failures="0" tests="1" name="testsPack.sampleTest" time="9.991" errors="0" timestamp="07 Apr 2019 04:25:48 GMT" skipped="0">
  <testcase classname="testsPack.sampleTest" name="f" time="9.991"/>
</testsuite> <!-- testsPack.sampleTest -->
