<?xml version="1.0" encoding="UTF-8"?>
<!-- Generated by org.testng.reporters.JUnitReportReporter -->
<testsuite hostname="Vijaya" failures="0" tests="3" name="testsPack.ZooplaHomePagetest" time="9.292" errors="0" timestamp="6 Apr 2019 18:41:30 GMT">
  <testcase classname="testsPack.ZooplaHomePagetest" name="entercity" time="0.255"/>
  <testcase classname="testsPack.ZooplaHomePagetest" name="clickonsearch" time="9.012"/>
  <testcase classname="testsPack.ZooplaHomePagetest" name="verifyZooplaHomePagetitle" time="0.025"/>
</testsuite> <!-- testsPack.ZooplaHomePagetest -->
