<?xml version="1.0" encoding="UTF-8"?>
<!-- Generated by org.testng.reporters.JUnitReportReporter -->
<testsuite hostname="Vijaya" failures="0" tests="2" name="testsPack.ZooplaForSalePageTest" time="61.683" errors="0" timestamp="7 Apr 2019 04:01:50 GMT">
  <testcase classname="testsPack.ZooplaForSalePageTest" name="verifyZooplaForSale" time="24.398"/>
  <testcase classname="testsPack.ZooplaForSalePageTest" name="selectingLoctionAt" time="37.285"/>
</testsuite> <!-- testsPack.ZooplaForSalePageTest -->
