<?xml version="1.0" encoding="UTF-8"?>
<!-- Generated by org.testng.reporters.JUnitReportReporter -->
<testsuite hostname="Vijaya" failures="0" tests="1" name="testsPack.sampleTest" time="9.113" errors="0" timestamp="7 Apr 2019 04:01:50 GMT">
  <testcase classname="testsPack.sampleTest" name="f" time="9.113"/>
</testsuite> <!-- testsPack.sampleTest -->
